Build started 2015-11-15 9:09:41 PM.
     1>Project "C:\Users\marwa\documents\visual studio 2013\Projects\Assignment 2\Assgn2Tester\Assgn2Tester.vcxproj" on node 2 (Build target(s)).
     1>ClCompile:
         C:\Program Files (x86)\Microsoft Visual Studio 12.0\VC\bin\CL.exe /c /I"C:\gtest-1.7.0\include" /I"C:\gtest-1.7.0" /ZI /nologo /W3 /WX- /sdl /Od /Oy- /D WIN32 /D _DEBUG /D _CONSOLE /D _LIB /D _UNICODE /D UNICODE /Gm /EHsc /RTC1 /MDd /GS /fp:precise /Zc:wchar_t /Zc:forScope /Fo"Debug\\" /Fd"Debug\vc120.pdb" /Gd /TP /analyze- /errorReport:prompt Test.cpp
         Test.cpp
     1>c:\users\marwa\documents\visual studio 2013\projects\assignment 2\assgn2tester\test.cpp(2): fatal error C1083: Cannot open include file: 'AvatarSerializer.h': No such file or directory
     1>Done Building Project "C:\Users\marwa\documents\visual studio 2013\Projects\Assignment 2\Assgn2Tester\Assgn2Tester.vcxproj" (Build target(s)) -- FAILED.

Build FAILED.

Time Elapsed 00:00:00.52
